2022-09-21 07:53:53.624  INFO 5092 --- [restartedMain] c.e.b.BookStoreBookApplication           : Starting BookStoreBookApplication using Java 17.0.4 on hp-HP-ProBook-440-G5 with PID 5092 (/home/hp/IdeaProjects/BookStore_Book/target/classes started by hp in /home/hp/IdeaProjects/BookStore_Book)
2022-09-21 07:53:53.636  INFO 5092 --- [restartedMain] c.e.b.BookStoreBookApplication           : The following 1 profile is active: "dev"
2022-09-21 07:53:53.749  INFO 5092 --- [restartedMain] .e.DevToolsPropertyDefaultsPostProcessor : Devtools property defaults active! Set 'spring.devtools.add-properties' to 'false' to disable
2022-09-21 07:53:53.750  INFO 5092 --- [restartedMain] .e.DevToolsPropertyDefaultsPostProcessor : For additional web related logging consider setting the 'logging.level.web' property to 'DEBUG'
2022-09-21 07:53:54.885  INFO 5092 --- [restartedMain] .s.d.r.c.RepositoryConfigurationDelegate : Bootstrapping Spring Data JPA repositories in DEFAULT mode.
2022-09-21 07:53:55.068  INFO 5092 --- [restartedMain] .s.d.r.c.RepositoryConfigurationDelegate : Finished Spring Data repository scanning in 168 ms. Found 1 JPA repository interfaces.
2022-09-21 07:53:55.629  INFO 5092 --- [restartedMain] o.s.cloud.context.scope.GenericScope     : BeanFactory id=ec17674d-ade0-3fa1-ab20-6893d47673df
2022-09-21 07:53:57.314  INFO 5092 --- [restartedMain] o.s.b.w.embedded.tomcat.TomcatWebServer  : Tomcat initialized with port(s): 9091 (http)
2022-09-21 07:53:57.334  INFO 5092 --- [restartedMain] o.apache.catalina.core.StandardService   : Starting service [Tomcat]
2022-09-21 07:53:57.335  INFO 5092 --- [restartedMain] org.apache.catalina.core.StandardEngine  : Starting Servlet engine: [Apache Tomcat/9.0.65]
2022-09-21 07:53:57.493  INFO 5092 --- [restartedMain] o.a.c.c.C.[Tomcat].[localhost].[/]       : Initializing Spring embedded WebApplicationContext
2022-09-21 07:53:57.494  INFO 5092 --- [restartedMain] w.s.c.ServletWebServerApplicationContext : Root WebApplicationContext: initialization completed in 3742 ms
2022-09-21 07:53:57.791  INFO 5092 --- [restartedMain] o.hibernate.jpa.internal.util.LogHelper  : HHH000204: Processing PersistenceUnitInfo [name: default]
2022-09-21 07:53:57.884  INFO 5092 --- [restartedMain] org.hibernate.Version                    : HHH000412: Hibernate ORM core version 5.6.10.Final
2022-09-21 07:53:58.117  INFO 5092 --- [restartedMain] o.hibernate.annotations.common.Version   : HCANN000001: Hibernate Commons Annotations {5.1.2.Final}
2022-09-21 07:53:58.274  INFO 5092 --- [restartedMain] com.zaxxer.hikari.HikariDataSource       : HikariPool-1 - Starting...
2022-09-21 07:53:58.693  INFO 5092 --- [restartedMain] com.zaxxer.hikari.HikariDataSource       : HikariPool-1 - Start completed.
2022-09-21 07:53:58.716  INFO 5092 --- [restartedMain] org.hibernate.dialect.Dialect            : HHH000400: Using dialect: org.hibernate.dialect.MySQL8Dialect
2022-09-21 07:53:59.975  INFO 5092 --- [restartedMain] o.h.e.t.j.p.i.JtaPlatformInitiator       : HHH000490: Using JtaPlatform implementation: [org.hibernate.engine.transaction.jta.platform.internal.NoJtaPlatform]
2022-09-21 07:53:59.992  INFO 5092 --- [restartedMain] j.LocalContainerEntityManagerFactoryBean : Initialized JPA EntityManagerFactory for persistence unit 'default'
2022-09-21 07:54:00.733  WARN 5092 --- [restartedMain] JpaBaseConfiguration$JpaWebConfiguration : spring.jpa.open-in-view is enabled by default. Therefore, database queries may be performed during view rendering. Explicitly configure spring.jpa.open-in-view to disable this warning
2022-09-21 07:54:01.443  WARN 5092 --- [restartedMain] ion$DefaultTemplateResolverConfiguration : Cannot find template location: classpath:/templates/ (please add some templates or check your Thymeleaf configuration)
2022-09-21 07:54:01.823  WARN 5092 --- [restartedMain] o.s.b.d.a.OptionalLiveReloadServer       : Unable to start LiveReload server
2022-09-21 07:54:02.069  INFO 5092 --- [restartedMain] DiscoveryClientOptionalArgsConfiguration : Eureka HTTP Client uses RestTemplate.
2022-09-21 07:54:02.363  WARN 5092 --- [restartedMain] iguration$LoadBalancerCaffeineWarnLogger : Spring Cloud LoadBalancer is currently working with the default cache. While this cache implementation is useful for development and tests, it's recommended to use Caffeine cache in production.You can switch to using Caffeine cache, by adding it and org.springframework.cache.caffeine.CaffeineCacheManager to the classpath.
2022-09-21 07:54:02.464  INFO 5092 --- [restartedMain] o.s.c.n.eureka.InstanceInfoFactory       : Setting initial instance status as: STARTING
2022-09-21 07:54:03.207  INFO 5092 --- [restartedMain] com.netflix.discovery.DiscoveryClient    : Initializing Eureka in region us-east-1
2022-09-21 07:54:03.227  INFO 5092 --- [restartedMain] c.n.d.s.r.aws.ConfigClusterResolver      : Resolving eureka endpoints via configuration
2022-09-21 07:54:03.309  INFO 5092 --- [restartedMain] com.netflix.discovery.DiscoveryClient    : Disable delta property : false
2022-09-21 07:54:03.312  INFO 5092 --- [restartedMain] com.netflix.discovery.DiscoveryClient    : Single vip registry refresh property : null
2022-09-21 07:54:03.316  INFO 5092 --- [restartedMain] com.netflix.discovery.DiscoveryClient    : Force full registry fetch : false
2022-09-21 07:54:03.317  INFO 5092 --- [restartedMain] com.netflix.discovery.DiscoveryClient    : Application is null : false
2022-09-21 07:54:03.364  INFO 5092 --- [restartedMain] com.netflix.discovery.DiscoveryClient    : Registered Applications size is zero : true
2022-09-21 07:54:03.367  INFO 5092 --- [restartedMain] com.netflix.discovery.DiscoveryClient    : Application version is -1: true
2022-09-21 07:54:03.368  INFO 5092 --- [restartedMain] com.netflix.discovery.DiscoveryClient    : Getting all instance registry info from the eureka server
2022-09-21 07:54:04.651  INFO 5092 --- [restartedMain] com.netflix.discovery.DiscoveryClient    : The response status is 200
2022-09-21 07:54:04.670  INFO 5092 --- [restartedMain] com.netflix.discovery.DiscoveryClient    : Starting heartbeat executor: renew interval is: 30
2022-09-21 07:54:04.718  INFO 5092 --- [restartedMain] c.n.discovery.InstanceInfoReplicator     : InstanceInfoReplicator onDemand update allowed rate per min is 4
2022-09-21 07:54:04.762  INFO 5092 --- [restartedMain] com.netflix.discovery.DiscoveryClient    : Discovery Client initialized at timestamp 1663727044761 with initial instances count: 1
2022-09-21 07:54:04.768  INFO 5092 --- [restartedMain] o.s.c.n.e.s.EurekaServiceRegistry        : Registering application BOOKSTOREAPP_BOOK with eureka with status UP
2022-09-21 07:54:04.773  INFO 5092 --- [restartedMain] com.netflix.discovery.DiscoveryClient    : Saw local status change event StatusChangeEvent [timestamp=1663727044773, current=UP, previous=STARTING]
2022-09-21 07:54:04.782  INFO 5092 --- [DiscoveryClient-InstanceInfoReplicator-0] com.netflix.discovery.DiscoveryClient    : DiscoveryClient_BOOKSTOREAPP_BOOK/192.168.1.12:BookStoreApp_Book:9091: registering service...
2022-09-21 07:54:04.938  INFO 5092 --- [restartedMain] o.s.b.w.embedded.tomcat.TomcatWebServer  : Tomcat started on port(s): 9091 (http) with context path ''
2022-09-21 07:54:04.940  INFO 5092 --- [restartedMain] .s.c.n.e.s.EurekaAutoServiceRegistration : Updating port to 9091
2022-09-21 07:54:05.030  INFO 5092 --- [DiscoveryClient-InstanceInfoReplicator-0] com.netflix.discovery.DiscoveryClient    : DiscoveryClient_BOOKSTOREAPP_BOOK/192.168.1.12:BookStoreApp_Book:9091 - registration status: 204
2022-09-21 07:54:05.094  INFO 5092 --- [restartedMain] c.e.b.BookStoreBookApplication           : Started BookStoreBookApplication in 12.343 seconds (JVM running for 13.339)
2022-09-21 07:54:05.144  INFO 5092 --- [restartedMain] c.e.b.BookStoreBookApplication           : 
Hello! Welcome to Book Store Project!
2022-09-21 07:59:03.417  INFO 5092 --- [AsyncResolver-bootstrap-executor-0] c.n.d.s.r.aws.ConfigClusterResolver      : Resolving eureka endpoints via configuration
2022-09-21 08:04:03.419  INFO 5092 --- [AsyncResolver-bootstrap-executor-0] c.n.d.s.r.aws.ConfigClusterResolver      : Resolving eureka endpoints via configuration
2022-09-21 08:09:03.420  INFO 5092 --- [AsyncResolver-bootstrap-executor-0] c.n.d.s.r.aws.ConfigClusterResolver      : Resolving eureka endpoints via configuration
2022-09-21 08:14:03.422  INFO 5092 --- [AsyncResolver-bootstrap-executor-0] c.n.d.s.r.aws.ConfigClusterResolver      : Resolving eureka endpoints via configuration
2022-09-21 08:19:03.424  INFO 5092 --- [AsyncResolver-bootstrap-executor-0] c.n.d.s.r.aws.ConfigClusterResolver      : Resolving eureka endpoints via configuration
2022-09-21 08:24:03.425  INFO 5092 --- [AsyncResolver-bootstrap-executor-0] c.n.d.s.r.aws.ConfigClusterResolver      : Resolving eureka endpoints via configuration
2022-09-21 08:29:03.426  INFO 5092 --- [AsyncResolver-bootstrap-executor-0] c.n.d.s.r.aws.ConfigClusterResolver      : Resolving eureka endpoints via configuration
2022-09-21 08:34:03.428  INFO 5092 --- [AsyncResolver-bootstrap-executor-0] c.n.d.s.r.aws.ConfigClusterResolver      : Resolving eureka endpoints via configuration
2022-09-21 08:39:03.429  INFO 5092 --- [AsyncResolver-bootstrap-executor-0] c.n.d.s.r.aws.ConfigClusterResolver      : Resolving eureka endpoints via configuration
2022-09-21 08:44:03.431  INFO 5092 --- [AsyncResolver-bootstrap-executor-0] c.n.d.s.r.aws.ConfigClusterResolver      : Resolving eureka endpoints via configuration
2022-09-21 08:49:03.432  INFO 5092 --- [AsyncResolver-bootstrap-executor-0] c.n.d.s.r.aws.ConfigClusterResolver      : Resolving eureka endpoints via configuration
2022-09-21 08:54:03.434  INFO 5092 --- [AsyncResolver-bootstrap-executor-0] c.n.d.s.r.aws.ConfigClusterResolver      : Resolving eureka endpoints via configuration
2022-09-21 08:59:03.436  INFO 5092 --- [AsyncResolver-bootstrap-executor-0] c.n.d.s.r.aws.ConfigClusterResolver      : Resolving eureka endpoints via configuration
2022-09-21 09:44:03.000  INFO 5092 --- [AsyncResolver-bootstrap-executor-0] c.n.d.s.r.aws.ConfigClusterResolver      : Resolving eureka endpoints via configuration
2022-09-21 09:48:06.753  INFO 5092 --- [http-nio-9091-exec-1] o.a.c.c.C.[Tomcat].[localhost].[/]       : Initializing Spring DispatcherServlet 'dispatcherServlet'
2022-09-21 09:48:06.754  INFO 5092 --- [http-nio-9091-exec-1] o.s.web.servlet.DispatcherServlet        : Initializing Servlet 'dispatcherServlet'
2022-09-21 09:48:06.757  INFO 5092 --- [http-nio-9091-exec-1] o.s.web.servlet.DispatcherServlet        : Completed initialization in 3 ms
2022-09-21 09:49:03.001  INFO 5092 --- [AsyncResolver-bootstrap-executor-0] c.n.d.s.r.aws.ConfigClusterResolver      : Resolving eureka endpoints via configuration
2022-09-21 09:54:03.002  INFO 5092 --- [AsyncResolver-bootstrap-executor-0] c.n.d.s.r.aws.ConfigClusterResolver      : Resolving eureka endpoints via configuration
2022-09-21 09:59:03.003  INFO 5092 --- [AsyncResolver-bootstrap-executor-0] c.n.d.s.r.aws.ConfigClusterResolver      : Resolving eureka endpoints via configuration
2022-09-21 10:04:03.004  INFO 5092 --- [AsyncResolver-bootstrap-executor-0] c.n.d.s.r.aws.ConfigClusterResolver      : Resolving eureka endpoints via configuration
2022-09-21 10:09:03.005  INFO 5092 --- [AsyncResolver-bootstrap-executor-0] c.n.d.s.r.aws.ConfigClusterResolver      : Resolving eureka endpoints via configuration
2022-09-21 10:14:03.007  INFO 5092 --- [AsyncResolver-bootstrap-executor-0] c.n.d.s.r.aws.ConfigClusterResolver      : Resolving eureka endpoints via configuration
2022-09-21 10:19:04.068  INFO 5092 --- [AsyncResolver-bootstrap-executor-0] c.n.d.s.r.aws.ConfigClusterResolver      : Resolving eureka endpoints via configuration
2022-09-21 10:24:04.069  INFO 5092 --- [AsyncResolver-bootstrap-executor-0] c.n.d.s.r.aws.ConfigClusterResolver      : Resolving eureka endpoints via configuration
2022-09-21 10:29:04.071  INFO 5092 --- [AsyncResolver-bootstrap-executor-0] c.n.d.s.r.aws.ConfigClusterResolver      : Resolving eureka endpoints via configuration
2022-09-21 10:34:04.072  INFO 5092 --- [AsyncResolver-bootstrap-executor-0] c.n.d.s.r.aws.ConfigClusterResolver      : Resolving eureka endpoints via configuration
2022-09-21 10:39:04.073  INFO 5092 --- [AsyncResolver-bootstrap-executor-0] c.n.d.s.r.aws.ConfigClusterResolver      : Resolving eureka endpoints via configuration
2022-09-21 10:44:04.075  INFO 5092 --- [AsyncResolver-bootstrap-executor-0] c.n.d.s.r.aws.ConfigClusterResolver      : Resolving eureka endpoints via configuration
2022-09-21 10:49:04.076  INFO 5092 --- [AsyncResolver-bootstrap-executor-0] c.n.d.s.r.aws.ConfigClusterResolver      : Resolving eureka endpoints via configuration
2022-09-21 10:54:04.077  INFO 5092 --- [AsyncResolver-bootstrap-executor-0] c.n.d.s.r.aws.ConfigClusterResolver      : Resolving eureka endpoints via configuration
2022-09-21 10:59:04.078  INFO 5092 --- [AsyncResolver-bootstrap-executor-0] c.n.d.s.r.aws.ConfigClusterResolver      : Resolving eureka endpoints via configuration
2022-09-21 11:04:04.079  INFO 5092 --- [AsyncResolver-bootstrap-executor-0] c.n.d.s.r.aws.ConfigClusterResolver      : Resolving eureka endpoints via configuration
2022-09-21 11:09:04.081  INFO 5092 --- [AsyncResolver-bootstrap-executor-0] c.n.d.s.r.aws.ConfigClusterResolver      : Resolving eureka endpoints via configuration
2022-09-21 11:14:04.082  INFO 5092 --- [AsyncResolver-bootstrap-executor-0] c.n.d.s.r.aws.ConfigClusterResolver      : Resolving eureka endpoints via configuration
2022-09-21 11:19:04.083  INFO 5092 --- [AsyncResolver-bootstrap-executor-0] c.n.d.s.r.aws.ConfigClusterResolver      : Resolving eureka endpoints via configuration
2022-09-21 11:24:04.085  INFO 5092 --- [AsyncResolver-bootstrap-executor-0] c.n.d.s.r.aws.ConfigClusterResolver      : Resolving eureka endpoints via configuration
2022-09-21 11:29:04.086  INFO 5092 --- [AsyncResolver-bootstrap-executor-0] c.n.d.s.r.aws.ConfigClusterResolver      : Resolving eureka endpoints via configuration
2022-09-21 11:34:04.088  INFO 5092 --- [AsyncResolver-bootstrap-executor-0] c.n.d.s.r.aws.ConfigClusterResolver      : Resolving eureka endpoints via configuration
2022-09-21 11:39:04.089  INFO 5092 --- [AsyncResolver-bootstrap-executor-0] c.n.d.s.r.aws.ConfigClusterResolver      : Resolving eureka endpoints via configuration
2022-09-21 11:44:04.090  INFO 5092 --- [AsyncResolver-bootstrap-executor-0] c.n.d.s.r.aws.ConfigClusterResolver      : Resolving eureka endpoints via configuration
2022-09-21 11:49:04.092  INFO 5092 --- [AsyncResolver-bootstrap-executor-0] c.n.d.s.r.aws.ConfigClusterResolver      : Resolving eureka endpoints via configuration
2022-09-21 11:54:04.093  INFO 5092 --- [AsyncResolver-bootstrap-executor-0] c.n.d.s.r.aws.ConfigClusterResolver      : Resolving eureka endpoints via configuration
2022-09-21 11:59:04.094  INFO 5092 --- [AsyncResolver-bootstrap-executor-0] c.n.d.s.r.aws.ConfigClusterResolver      : Resolving eureka endpoints via configuration
2022-09-21 12:04:04.095  INFO 5092 --- [AsyncResolver-bootstrap-executor-0] c.n.d.s.r.aws.ConfigClusterResolver      : Resolving eureka endpoints via configuration
2022-09-21 12:09:04.096  INFO 5092 --- [AsyncResolver-bootstrap-executor-0] c.n.d.s.r.aws.ConfigClusterResolver      : Resolving eureka endpoints via configuration
2022-09-21 12:14:04.097  INFO 5092 --- [AsyncResolver-bootstrap-executor-0] c.n.d.s.r.aws.ConfigClusterResolver      : Resolving eureka endpoints via configuration
2022-09-21 12:19:04.099  INFO 5092 --- [AsyncResolver-bootstrap-executor-0] c.n.d.s.r.aws.ConfigClusterResolver      : Resolving eureka endpoints via configuration
2022-09-21 12:24:04.101  INFO 5092 --- [AsyncResolver-bootstrap-executor-0] c.n.d.s.r.aws.ConfigClusterResolver      : Resolving eureka endpoints via configuration
2022-09-21 12:29:04.102  INFO 5092 --- [AsyncResolver-bootstrap-executor-0] c.n.d.s.r.aws.ConfigClusterResolver      : Resolving eureka endpoints via configuration
2022-09-21 12:34:04.103  INFO 5092 --- [AsyncResolver-bootstrap-executor-0] c.n.d.s.r.aws.ConfigClusterResolver      : Resolving eureka endpoints via configuration
2022-09-21 12:39:04.105  INFO 5092 --- [AsyncResolver-bootstrap-executor-0] c.n.d.s.r.aws.ConfigClusterResolver      : Resolving eureka endpoints via configuration
2022-09-21 12:44:04.106  INFO 5092 --- [AsyncResolver-bootstrap-executor-0] c.n.d.s.r.aws.ConfigClusterResolver      : Resolving eureka endpoints via configuration
2022-09-21 12:49:04.110  INFO 5092 --- [AsyncResolver-bootstrap-executor-0] c.n.d.s.r.aws.ConfigClusterResolver      : Resolving eureka endpoints via configuration
2022-09-21 12:54:04.112  INFO 5092 --- [AsyncResolver-bootstrap-executor-0] c.n.d.s.r.aws.ConfigClusterResolver      : Resolving eureka endpoints via configuration
2022-09-21 12:59:04.113  INFO 5092 --- [AsyncResolver-bootstrap-executor-0] c.n.d.s.r.aws.ConfigClusterResolver      : Resolving eureka endpoints via configuration
2022-09-21 13:04:04.114  INFO 5092 --- [AsyncResolver-bootstrap-executor-0] c.n.d.s.r.aws.ConfigClusterResolver      : Resolving eureka endpoints via configuration
2022-09-21 13:05:59.331  INFO 5092 --- [SpringApplicationShutdownHook] o.s.c.n.e.s.EurekaServiceRegistry        : Unregistering application BOOKSTOREAPP_BOOK with eureka with status DOWN
2022-09-21 13:05:59.331  INFO 5092 --- [SpringApplicationShutdownHook] com.netflix.discovery.DiscoveryClient    : Saw local status change event StatusChangeEvent [timestamp=1663745759331, current=DOWN, previous=UP]
2022-09-21 13:05:59.332  INFO 5092 --- [DiscoveryClient-InstanceInfoReplicator-0] com.netflix.discovery.DiscoveryClient    : DiscoveryClient_BOOKSTOREAPP_BOOK/192.168.1.12:BookStoreApp_Book:9091: registering service...
2022-09-21 13:05:59.342  INFO 5092 --- [DiscoveryClient-InstanceInfoReplicator-0] com.netflix.discovery.DiscoveryClient    : DiscoveryClient_BOOKSTOREAPP_BOOK/192.168.1.12:BookStoreApp_Book:9091 - registration status: 204
2022-09-21 13:05:59.352  INFO 5092 --- [SpringApplicationShutdownHook] j.LocalContainerEntityManagerFactoryBean : Closing JPA EntityManagerFactory for persistence unit 'default'
2022-09-21 13:05:59.355  INFO 5092 --- [SpringApplicationShutdownHook] com.zaxxer.hikari.HikariDataSource       : HikariPool-1 - Shutdown initiated...
2022-09-21 13:05:59.359  INFO 5092 --- [SpringApplicationShutdownHook] com.zaxxer.hikari.HikariDataSource       : HikariPool-1 - Shutdown completed.
2022-09-21 13:05:59.360  INFO 5092 --- [SpringApplicationShutdownHook] com.netflix.discovery.DiscoveryClient    : Shutting down DiscoveryClient ...
2022-09-21 13:06:02.364  INFO 5092 --- [SpringApplicationShutdownHook] com.netflix.discovery.DiscoveryClient    : Unregistering ...
2022-09-21 13:06:02.371  INFO 5092 --- [SpringApplicationShutdownHook] com.netflix.discovery.DiscoveryClient    : DiscoveryClient_BOOKSTOREAPP_BOOK/192.168.1.12:BookStoreApp_Book:9091 - deregister  status: 200
2022-09-21 13:06:02.388  INFO 5092 --- [SpringApplicationShutdownHook] com.netflix.discovery.DiscoveryClient    : Completed shut down of DiscoveryClient
2022-09-21 15:36:06.581  INFO 4671 --- [restartedMain] c.e.b.BookStoreBookApplication           : Starting BookStoreBookApplication using Java 17.0.4 on hp-HP-ProBook-440-G5 with PID 4671 (/home/hp/IdeaProjects/BookStore_Book/target/classes started by hp in /home/hp/IdeaProjects/BookStore_Book)
2022-09-21 15:36:06.584  INFO 4671 --- [restartedMain] c.e.b.BookStoreBookApplication           : The following 1 profile is active: "dev"
2022-09-21 15:36:06.668  INFO 4671 --- [restartedMain] .e.DevToolsPropertyDefaultsPostProcessor : Devtools property defaults active! Set 'spring.devtools.add-properties' to 'false' to disable
2022-09-21 15:36:06.669  INFO 4671 --- [restartedMain] .e.DevToolsPropertyDefaultsPostProcessor : For additional web related logging consider setting the 'logging.level.web' property to 'DEBUG'
2022-09-21 15:36:07.814  INFO 4671 --- [restartedMain] .s.d.r.c.RepositoryConfigurationDelegate : Bootstrapping Spring Data JPA repositories in DEFAULT mode.
2022-09-21 15:36:07.961  INFO 4671 --- [restartedMain] .s.d.r.c.RepositoryConfigurationDelegate : Finished Spring Data repository scanning in 136 ms. Found 1 JPA repository interfaces.
2022-09-21 15:36:08.372  INFO 4671 --- [restartedMain] o.s.cloud.context.scope.GenericScope     : BeanFactory id=ec17674d-ade0-3fa1-ab20-6893d47673df
2022-09-21 15:36:09.295  INFO 4671 --- [restartedMain] o.s.b.w.embedded.tomcat.TomcatWebServer  : Tomcat initialized with port(s): 9091 (http)
2022-09-21 15:36:09.309  INFO 4671 --- [restartedMain] o.apache.catalina.core.StandardService   : Starting service [Tomcat]
2022-09-21 15:36:09.309  INFO 4671 --- [restartedMain] org.apache.catalina.core.StandardEngine  : Starting Servlet engine: [Apache Tomcat/9.0.65]
2022-09-21 15:36:09.409  INFO 4671 --- [restartedMain] o.a.c.c.C.[Tomcat].[localhost].[/]       : Initializing Spring embedded WebApplicationContext
2022-09-21 15:36:09.410  INFO 4671 --- [restartedMain] w.s.c.ServletWebServerApplicationContext : Root WebApplicationContext: initialization completed in 2740 ms
2022-09-21 15:36:09.669  INFO 4671 --- [restartedMain] o.hibernate.jpa.internal.util.LogHelper  : HHH000204: Processing PersistenceUnitInfo [name: default]
2022-09-21 15:36:09.738  INFO 4671 --- [restartedMain] org.hibernate.Version                    : HHH000412: Hibernate ORM core version 5.6.10.Final
2022-09-21 15:36:09.950  INFO 4671 --- [restartedMain] o.hibernate.annotations.common.Version   : HCANN000001: Hibernate Commons Annotations {5.1.2.Final}
2022-09-21 15:36:10.073  INFO 4671 --- [restartedMain] com.zaxxer.hikari.HikariDataSource       : HikariPool-1 - Starting...
2022-09-21 15:36:10.454  INFO 4671 --- [restartedMain] com.zaxxer.hikari.HikariDataSource       : HikariPool-1 - Start completed.
2022-09-21 15:36:10.479  INFO 4671 --- [restartedMain] org.hibernate.dialect.Dialect            : HHH000400: Using dialect: org.hibernate.dialect.MySQL8Dialect
2022-09-21 15:36:11.131  INFO 4671 --- [restartedMain] o.h.e.t.j.p.i.JtaPlatformInitiator       : HHH000490: Using JtaPlatform implementation: [org.hibernate.engine.transaction.jta.platform.internal.NoJtaPlatform]
2022-09-21 15:36:11.140  INFO 4671 --- [restartedMain] j.LocalContainerEntityManagerFactoryBean : Initialized JPA EntityManagerFactory for persistence unit 'default'
2022-09-21 15:36:11.645  WARN 4671 --- [restartedMain] JpaBaseConfiguration$JpaWebConfiguration : spring.jpa.open-in-view is enabled by default. Therefore, database queries may be performed during view rendering. Explicitly configure spring.jpa.open-in-view to disable this warning
2022-09-21 15:36:12.020  WARN 4671 --- [restartedMain] ion$DefaultTemplateResolverConfiguration : Cannot find template location: classpath:/templates/ (please add some templates or check your Thymeleaf configuration)
2022-09-21 15:36:12.203  WARN 4671 --- [restartedMain] o.s.b.d.a.OptionalLiveReloadServer       : Unable to start LiveReload server
2022-09-21 15:36:12.306  INFO 4671 --- [restartedMain] DiscoveryClientOptionalArgsConfiguration : Eureka HTTP Client uses RestTemplate.
2022-09-21 15:36:12.463  WARN 4671 --- [restartedMain] iguration$LoadBalancerCaffeineWarnLogger : Spring Cloud LoadBalancer is currently working with the default cache. While this cache implementation is useful for development and tests, it's recommended to use Caffeine cache in production.You can switch to using Caffeine cache, by adding it and org.springframework.cache.caffeine.CaffeineCacheManager to the classpath.
2022-09-21 15:36:12.491  INFO 4671 --- [restartedMain] o.s.c.n.eureka.InstanceInfoFactory       : Setting initial instance status as: STARTING
2022-09-21 15:36:12.618  INFO 4671 --- [restartedMain] com.netflix.discovery.DiscoveryClient    : Initializing Eureka in region us-east-1
2022-09-21 15:36:12.624  INFO 4671 --- [restartedMain] c.n.d.s.r.aws.ConfigClusterResolver      : Resolving eureka endpoints via configuration
2022-09-21 15:36:12.652  INFO 4671 --- [restartedMain] com.netflix.discovery.DiscoveryClient    : Disable delta property : false
2022-09-21 15:36:12.652  INFO 4671 --- [restartedMain] com.netflix.discovery.DiscoveryClient    : Single vip registry refresh property : null
2022-09-21 15:36:12.653  INFO 4671 --- [restartedMain] com.netflix.discovery.DiscoveryClient    : Force full registry fetch : false
2022-09-21 15:36:12.653  INFO 4671 --- [restartedMain] com.netflix.discovery.DiscoveryClient    : Application is null : false
2022-09-21 15:36:12.653  INFO 4671 --- [restartedMain] com.netflix.discovery.DiscoveryClient    : Registered Applications size is zero : true
2022-09-21 15:36:12.654  INFO 4671 --- [restartedMain] com.netflix.discovery.DiscoveryClient    : Application version is -1: true
2022-09-21 15:36:12.654  INFO 4671 --- [restartedMain] com.netflix.discovery.DiscoveryClient    : Getting all instance registry info from the eureka server
2022-09-21 15:36:13.027  INFO 4671 --- [restartedMain] com.netflix.discovery.DiscoveryClient    : The response status is 200
2022-09-21 15:36:13.031  INFO 4671 --- [restartedMain] com.netflix.discovery.DiscoveryClient    : Starting heartbeat executor: renew interval is: 30
2022-09-21 15:36:13.035  INFO 4671 --- [restartedMain] c.n.discovery.InstanceInfoReplicator     : InstanceInfoReplicator onDemand update allowed rate per min is 4
2022-09-21 15:36:13.043  INFO 4671 --- [restartedMain] com.netflix.discovery.DiscoveryClient    : Discovery Client initialized at timestamp 1663754773042 with initial instances count: 1
2022-09-21 15:36:13.048  INFO 4671 --- [restartedMain] o.s.c.n.e.s.EurekaServiceRegistry        : Registering application BOOKSTOREAPP_BOOK with eureka with status UP
2022-09-21 15:36:13.049  INFO 4671 --- [restartedMain] com.netflix.discovery.DiscoveryClient    : Saw local status change event StatusChangeEvent [timestamp=1663754773049, current=UP, previous=STARTING]
2022-09-21 15:36:13.051  INFO 4671 --- [DiscoveryClient-InstanceInfoReplicator-0] com.netflix.discovery.DiscoveryClient    : DiscoveryClient_BOOKSTOREAPP_BOOK/192.168.1.12:BookStoreApp_Book:9091: registering service...
2022-09-21 15:36:13.074  INFO 4671 --- [restartedMain] o.s.b.w.embedded.tomcat.TomcatWebServer  : Tomcat started on port(s): 9091 (http) with context path ''
2022-09-21 15:36:13.076  INFO 4671 --- [restartedMain] .s.c.n.e.s.EurekaAutoServiceRegistration : Updating port to 9091
2022-09-21 15:36:13.105  INFO 4671 --- [DiscoveryClient-InstanceInfoReplicator-0] com.netflix.discovery.DiscoveryClient    : DiscoveryClient_BOOKSTOREAPP_BOOK/192.168.1.12:BookStoreApp_Book:9091 - registration status: 204
2022-09-21 15:36:13.126  INFO 4671 --- [restartedMain] c.e.b.BookStoreBookApplication           : Started BookStoreBookApplication in 7.369 seconds (JVM running for 8.283)
2022-09-21 15:36:13.132  INFO 4671 --- [restartedMain] c.e.b.BookStoreBookApplication           : 
Hello! Welcome to Book Store Project!
2022-09-21 15:41:12.657  INFO 4671 --- [AsyncResolver-bootstrap-executor-0] c.n.d.s.r.aws.ConfigClusterResolver      : Resolving eureka endpoints via configuration
2022-09-21 15:41:16.127  INFO 4671 --- [http-nio-9091-exec-1] o.a.c.c.C.[Tomcat].[localhost].[/]       : Initializing Spring DispatcherServlet 'dispatcherServlet'
2022-09-21 15:41:16.127  INFO 4671 --- [http-nio-9091-exec-1] o.s.web.servlet.DispatcherServlet        : Initializing Servlet 'dispatcherServlet'
2022-09-21 15:41:16.129  INFO 4671 --- [http-nio-9091-exec-1] o.s.web.servlet.DispatcherServlet        : Completed initialization in 1 ms
2022-09-21 15:41:16.282  WARN 4671 --- [http-nio-9091-exec-1] .m.m.a.ExceptionHandlerExceptionResolver : Resolved [com.example.bookstore_book.exception.BookException: ID: 2 is not available]
2022-09-21 15:46:12.658  INFO 4671 --- [AsyncResolver-bootstrap-executor-0] c.n.d.s.r.aws.ConfigClusterResolver      : Resolving eureka endpoints via configuration
2022-09-21 15:51:12.660  INFO 4671 --- [AsyncResolver-bootstrap-executor-0] c.n.d.s.r.aws.ConfigClusterResolver      : Resolving eureka endpoints via configuration
2022-09-21 15:56:12.662  INFO 4671 --- [AsyncResolver-bootstrap-executor-0] c.n.d.s.r.aws.ConfigClusterResolver      : Resolving eureka endpoints via configuration
2022-09-21 16:00:22.719  INFO 4671 --- [SpringApplicationShutdownHook] o.s.c.n.e.s.EurekaServiceRegistry        : Unregistering application BOOKSTOREAPP_BOOK with eureka with status DOWN
2022-09-21 16:00:22.720  INFO 4671 --- [SpringApplicationShutdownHook] com.netflix.discovery.DiscoveryClient    : Saw local status change event StatusChangeEvent [timestamp=1663756222720, current=DOWN, previous=UP]
2022-09-21 16:00:22.720  INFO 4671 --- [DiscoveryClient-InstanceInfoReplicator-0] com.netflix.discovery.DiscoveryClient    : DiscoveryClient_BOOKSTOREAPP_BOOK/192.168.1.12:BookStoreApp_Book:9091: registering service...
2022-09-21 16:00:22.733  INFO 4671 --- [DiscoveryClient-InstanceInfoReplicator-0] com.netflix.discovery.DiscoveryClient    : DiscoveryClient_BOOKSTOREAPP_BOOK/192.168.1.12:BookStoreApp_Book:9091 - registration status: 204
2022-09-21 16:00:22.743  INFO 4671 --- [SpringApplicationShutdownHook] j.LocalContainerEntityManagerFactoryBean : Closing JPA EntityManagerFactory for persistence unit 'default'
2022-09-21 16:00:22.749  INFO 4671 --- [SpringApplicationShutdownHook] com.zaxxer.hikari.HikariDataSource       : HikariPool-1 - Shutdown initiated...
2022-09-21 16:00:22.767  INFO 4671 --- [SpringApplicationShutdownHook] com.zaxxer.hikari.HikariDataSource       : HikariPool-1 - Shutdown completed.
2022-09-21 16:00:22.767  INFO 4671 --- [SpringApplicationShutdownHook] com.netflix.discovery.DiscoveryClient    : Shutting down DiscoveryClient ...
2022-09-21 16:00:25.773  INFO 4671 --- [SpringApplicationShutdownHook] com.netflix.discovery.DiscoveryClient    : Unregistering ...
2022-09-21 16:00:25.783  INFO 4671 --- [SpringApplicationShutdownHook] com.netflix.discovery.DiscoveryClient    : DiscoveryClient_BOOKSTOREAPP_BOOK/192.168.1.12:BookStoreApp_Book:9091 - deregister  status: 200
2022-09-21 16:00:25.802  INFO 4671 --- [SpringApplicationShutdownHook] com.netflix.discovery.DiscoveryClient    : Completed shut down of DiscoveryClient
2022-09-21 16:00:31.789  INFO 7128 --- [restartedMain] c.e.b.BookStoreBookApplication           : Starting BookStoreBookApplication using Java 17.0.4 on hp-HP-ProBook-440-G5 with PID 7128 (/home/hp/IdeaProjects/BookStore_Book/target/classes started by hp in /home/hp/IdeaProjects/BookStore_Book)
2022-09-21 16:00:31.792  INFO 7128 --- [restartedMain] c.e.b.BookStoreBookApplication           : The following 1 profile is active: "dev"
2022-09-21 16:00:31.879  INFO 7128 --- [restartedMain] .e.DevToolsPropertyDefaultsPostProcessor : Devtools property defaults active! Set 'spring.devtools.add-properties' to 'false' to disable
2022-09-21 16:00:31.880  INFO 7128 --- [restartedMain] .e.DevToolsPropertyDefaultsPostProcessor : For additional web related logging consider setting the 'logging.level.web' property to 'DEBUG'
2022-09-21 16:00:33.071  INFO 7128 --- [restartedMain] .s.d.r.c.RepositoryConfigurationDelegate : Bootstrapping Spring Data JPA repositories in DEFAULT mode.
2022-09-21 16:00:33.277  INFO 7128 --- [restartedMain] .s.d.r.c.RepositoryConfigurationDelegate : Finished Spring Data repository scanning in 191 ms. Found 1 JPA repository interfaces.
2022-09-21 16:00:33.683  INFO 7128 --- [restartedMain] o.s.cloud.context.scope.GenericScope     : BeanFactory id=ec17674d-ade0-3fa1-ab20-6893d47673df
2022-09-21 16:00:34.576  INFO 7128 --- [restartedMain] o.s.b.w.embedded.tomcat.TomcatWebServer  : Tomcat initialized with port(s): 9091 (http)
2022-09-21 16:00:34.592  INFO 7128 --- [restartedMain] o.apache.catalina.core.StandardService   : Starting service [Tomcat]
2022-09-21 16:00:34.593  INFO 7128 --- [restartedMain] org.apache.catalina.core.StandardEngine  : Starting Servlet engine: [Apache Tomcat/9.0.65]
2022-09-21 16:00:34.721  INFO 7128 --- [restartedMain] o.a.c.c.C.[Tomcat].[localhost].[/]       : Initializing Spring embedded WebApplicationContext
2022-09-21 16:00:34.722  INFO 7128 --- [restartedMain] w.s.c.ServletWebServerApplicationContext : Root WebApplicationContext: initialization completed in 2841 ms
2022-09-21 16:00:34.960  INFO 7128 --- [restartedMain] o.hibernate.jpa.internal.util.LogHelper  : HHH000204: Processing PersistenceUnitInfo [name: default]
2022-09-21 16:00:35.027  INFO 7128 --- [restartedMain] org.hibernate.Version                    : HHH000412: Hibernate ORM core version 5.6.10.Final
2022-09-21 16:00:35.193  INFO 7128 --- [restartedMain] o.hibernate.annotations.common.Version   : HCANN000001: Hibernate Commons Annotations {5.1.2.Final}
2022-09-21 16:00:35.303  INFO 7128 --- [restartedMain] com.zaxxer.hikari.HikariDataSource       : HikariPool-1 - Starting...
2022-09-21 16:00:35.698  INFO 7128 --- [restartedMain] com.zaxxer.hikari.HikariDataSource       : HikariPool-1 - Start completed.
2022-09-21 16:00:35.723  INFO 7128 --- [restartedMain] org.hibernate.dialect.Dialect            : HHH000400: Using dialect: org.hibernate.dialect.MySQL8Dialect
2022-09-21 16:00:36.416  INFO 7128 --- [restartedMain] o.h.e.t.j.p.i.JtaPlatformInitiator       : HHH000490: Using JtaPlatform implementation: [org.hibernate.engine.transaction.jta.platform.internal.NoJtaPlatform]
2022-09-21 16:00:36.426  INFO 7128 --- [restartedMain] j.LocalContainerEntityManagerFactoryBean : Initialized JPA EntityManagerFactory for persistence unit 'default'
2022-09-21 16:00:36.924  WARN 7128 --- [restartedMain] JpaBaseConfiguration$JpaWebConfiguration : spring.jpa.open-in-view is enabled by default. Therefore, database queries may be performed during view rendering. Explicitly configure spring.jpa.open-in-view to disable this warning
2022-09-21 16:00:37.279  WARN 7128 --- [restartedMain] ion$DefaultTemplateResolverConfiguration : Cannot find template location: classpath:/templates/ (please add some templates or check your Thymeleaf configuration)
2022-09-21 16:00:37.437  WARN 7128 --- [restartedMain] o.s.b.d.a.OptionalLiveReloadServer       : Unable to start LiveReload server
2022-09-21 16:00:37.558  INFO 7128 --- [restartedMain] DiscoveryClientOptionalArgsConfiguration : Eureka HTTP Client uses RestTemplate.
2022-09-21 16:00:37.721  WARN 7128 --- [restartedMain] iguration$LoadBalancerCaffeineWarnLogger : Spring Cloud LoadBalancer is currently working with the default cache. While this cache implementation is useful for development and tests, it's recommended to use Caffeine cache in production.You can switch to using Caffeine cache, by adding it and org.springframework.cache.caffeine.CaffeineCacheManager to the classpath.
2022-09-21 16:00:37.749  INFO 7128 --- [restartedMain] o.s.c.n.eureka.InstanceInfoFactory       : Setting initial instance status as: STARTING
2022-09-21 16:00:37.875  INFO 7128 --- [restartedMain] com.netflix.discovery.DiscoveryClient    : Initializing Eureka in region us-east-1
2022-09-21 16:00:37.881  INFO 7128 --- [restartedMain] c.n.d.s.r.aws.ConfigClusterResolver      : Resolving eureka endpoints via configuration
2022-09-21 16:00:37.909  INFO 7128 --- [restartedMain] com.netflix.discovery.DiscoveryClient    : Disable delta property : false
2022-09-21 16:00:37.909  INFO 7128 --- [restartedMain] com.netflix.discovery.DiscoveryClient    : Single vip registry refresh property : null
2022-09-21 16:00:37.909  INFO 7128 --- [restartedMain] com.netflix.discovery.DiscoveryClient    : Force full registry fetch : false
2022-09-21 16:00:37.909  INFO 7128 --- [restartedMain] com.netflix.discovery.DiscoveryClient    : Application is null : false
2022-09-21 16:00:37.910  INFO 7128 --- [restartedMain] com.netflix.discovery.DiscoveryClient    : Registered Applications size is zero : true
2022-09-21 16:00:37.910  INFO 7128 --- [restartedMain] com.netflix.discovery.DiscoveryClient    : Application version is -1: true
2022-09-21 16:00:37.910  INFO 7128 --- [restartedMain] com.netflix.discovery.DiscoveryClient    : Getting all instance registry info from the eureka server
2022-09-21 16:00:38.292  INFO 7128 --- [restartedMain] com.netflix.discovery.DiscoveryClient    : The response status is 200
2022-09-21 16:00:38.296  INFO 7128 --- [restartedMain] com.netflix.discovery.DiscoveryClient    : Starting heartbeat executor: renew interval is: 30
2022-09-21 16:00:38.301  INFO 7128 --- [restartedMain] c.n.discovery.InstanceInfoReplicator     : InstanceInfoReplicator onDemand update allowed rate per min is 4
2022-09-21 16:00:38.310  INFO 7128 --- [restartedMain] com.netflix.discovery.DiscoveryClient    : Discovery Client initialized at timestamp 1663756238308 with initial instances count: 2
2022-09-21 16:00:38.314  INFO 7128 --- [restartedMain] o.s.c.n.e.s.EurekaServiceRegistry        : Registering application BOOKSTOREAPP_BOOK with eureka with status UP
2022-09-21 16:00:38.315  INFO 7128 --- [restartedMain] com.netflix.discovery.DiscoveryClient    : Saw local status change event StatusChangeEvent [timestamp=1663756238315, current=UP, previous=STARTING]
2022-09-21 16:00:38.318  INFO 7128 --- [DiscoveryClient-InstanceInfoReplicator-0] com.netflix.discovery.DiscoveryClient    : DiscoveryClient_BOOKSTOREAPP_BOOK/192.168.1.12:BookStoreApp_Book:9091: registering service...
2022-09-21 16:00:38.340  INFO 7128 --- [restartedMain] o.s.b.w.embedded.tomcat.TomcatWebServer  : Tomcat started on port(s): 9091 (http) with context path ''
2022-09-21 16:00:38.342  INFO 7128 --- [restartedMain] .s.c.n.e.s.EurekaAutoServiceRegistration : Updating port to 9091
2022-09-21 16:00:38.368  INFO 7128 --- [DiscoveryClient-InstanceInfoReplicator-0] com.netflix.discovery.DiscoveryClient    : DiscoveryClient_BOOKSTOREAPP_BOOK/192.168.1.12:BookStoreApp_Book:9091 - registration status: 204
2022-09-21 16:00:38.384  INFO 7128 --- [restartedMain] c.e.b.BookStoreBookApplication           : Started BookStoreBookApplication in 7.329 seconds (JVM running for 8.208)
2022-09-21 16:00:38.390  INFO 7128 --- [restartedMain] c.e.b.BookStoreBookApplication           : 
Hello! Welcome to Book Store Project!
2022-09-21 16:01:45.828  INFO 7128 --- [http-nio-9091-exec-1] o.a.c.c.C.[Tomcat].[localhost].[/]       : Initializing Spring DispatcherServlet 'dispatcherServlet'
2022-09-21 16:01:45.828  INFO 7128 --- [http-nio-9091-exec-1] o.s.web.servlet.DispatcherServlet        : Initializing Servlet 'dispatcherServlet'
2022-09-21 16:01:45.831  INFO 7128 --- [http-nio-9091-exec-1] o.s.web.servlet.DispatcherServlet        : Completed initialization in 3 ms
2022-09-21 16:01:45.969  WARN 7128 --- [http-nio-9091-exec-1] .m.m.a.ExceptionHandlerExceptionResolver : Resolved [com.example.bookstore_book.exception.BookException: ID: 2 is not available]
2022-09-21 16:05:37.913  INFO 7128 --- [AsyncResolver-bootstrap-executor-0] c.n.d.s.r.aws.ConfigClusterResolver      : Resolving eureka endpoints via configuration
2022-09-21 16:10:37.915  INFO 7128 --- [AsyncResolver-bootstrap-executor-0] c.n.d.s.r.aws.ConfigClusterResolver      : Resolving eureka endpoints via configuration
2022-09-21 16:15:37.917  INFO 7128 --- [AsyncResolver-bootstrap-executor-0] c.n.d.s.r.aws.ConfigClusterResolver      : Resolving eureka endpoints via configuration
2022-09-21 16:20:37.919  INFO 7128 --- [AsyncResolver-bootstrap-executor-0] c.n.d.s.r.aws.ConfigClusterResolver      : Resolving eureka endpoints via configuration
2022-09-21 16:25:37.920  INFO 7128 --- [AsyncResolver-bootstrap-executor-0] c.n.d.s.r.aws.ConfigClusterResolver      : Resolving eureka endpoints via configuration
2022-09-21 16:30:37.922  INFO 7128 --- [AsyncResolver-bootstrap-executor-0] c.n.d.s.r.aws.ConfigClusterResolver      : Resolving eureka endpoints via configuration
2022-09-21 16:35:37.923  INFO 7128 --- [AsyncResolver-bootstrap-executor-0] c.n.d.s.r.aws.ConfigClusterResolver      : Resolving eureka endpoints via configuration
2022-09-21 16:40:37.925  INFO 7128 --- [AsyncResolver-bootstrap-executor-0] c.n.d.s.r.aws.ConfigClusterResolver      : Resolving eureka endpoints via configuration
2022-09-21 16:45:37.927  INFO 7128 --- [AsyncResolver-bootstrap-executor-0] c.n.d.s.r.aws.ConfigClusterResolver      : Resolving eureka endpoints via configuration
2022-09-21 16:50:37.929  INFO 7128 --- [AsyncResolver-bootstrap-executor-0] c.n.d.s.r.aws.ConfigClusterResolver      : Resolving eureka endpoints via configuration
2022-09-21 16:55:37.931  INFO 7128 --- [AsyncResolver-bootstrap-executor-0] c.n.d.s.r.aws.ConfigClusterResolver      : Resolving eureka endpoints via configuration
2022-09-21 17:00:37.932  INFO 7128 --- [AsyncResolver-bootstrap-executor-0] c.n.d.s.r.aws.ConfigClusterResolver      : Resolving eureka endpoints via configuration
2022-09-21 17:05:37.934  INFO 7128 --- [AsyncResolver-bootstrap-executor-0] c.n.d.s.r.aws.ConfigClusterResolver      : Resolving eureka endpoints via configuration
2022-09-21 17:10:37.935  INFO 7128 --- [AsyncResolver-bootstrap-executor-0] c.n.d.s.r.aws.ConfigClusterResolver      : Resolving eureka endpoints via configuration
2022-09-21 17:15:37.937  INFO 7128 --- [AsyncResolver-bootstrap-executor-0] c.n.d.s.r.aws.ConfigClusterResolver      : Resolving eureka endpoints via configuration
2022-09-21 17:20:37.938  INFO 7128 --- [AsyncResolver-bootstrap-executor-0] c.n.d.s.r.aws.ConfigClusterResolver      : Resolving eureka endpoints via configuration
2022-09-21 17:25:37.939  INFO 7128 --- [AsyncResolver-bootstrap-executor-0] c.n.d.s.r.aws.ConfigClusterResolver      : Resolving eureka endpoints via configuration
2022-09-21 17:30:37.940  INFO 7128 --- [AsyncResolver-bootstrap-executor-0] c.n.d.s.r.aws.ConfigClusterResolver      : Resolving eureka endpoints via configuration
2022-09-21 17:35:37.941  INFO 7128 --- [AsyncResolver-bootstrap-executor-0] c.n.d.s.r.aws.ConfigClusterResolver      : Resolving eureka endpoints via configuration
2022-09-21 17:40:37.943  INFO 7128 --- [AsyncResolver-bootstrap-executor-0] c.n.d.s.r.aws.ConfigClusterResolver      : Resolving eureka endpoints via configuration
2022-09-21 17:45:37.945  INFO 7128 --- [AsyncResolver-bootstrap-executor-0] c.n.d.s.r.aws.ConfigClusterResolver      : Resolving eureka endpoints via configuration
2022-09-21 17:50:37.946  INFO 7128 --- [AsyncResolver-bootstrap-executor-0] c.n.d.s.r.aws.ConfigClusterResolver      : Resolving eureka endpoints via configuration
2022-09-21 17:55:37.948  INFO 7128 --- [AsyncResolver-bootstrap-executor-0] c.n.d.s.r.aws.ConfigClusterResolver      : Resolving eureka endpoints via configuration
2022-09-21 18:00:37.949  INFO 7128 --- [AsyncResolver-bootstrap-executor-0] c.n.d.s.r.aws.ConfigClusterResolver      : Resolving eureka endpoints via configuration
2022-09-21 18:05:37.951  INFO 7128 --- [AsyncResolver-bootstrap-executor-0] c.n.d.s.r.aws.ConfigClusterResolver      : Resolving eureka endpoints via configuration
2022-09-21 18:10:37.953  INFO 7128 --- [AsyncResolver-bootstrap-executor-0] c.n.d.s.r.aws.ConfigClusterResolver      : Resolving eureka endpoints via configuration
2022-09-21 18:15:37.955  INFO 7128 --- [AsyncResolver-bootstrap-executor-0] c.n.d.s.r.aws.ConfigClusterResolver      : Resolving eureka endpoints via configuration
2022-09-21 18:20:37.956  INFO 7128 --- [AsyncResolver-bootstrap-executor-0] c.n.d.s.r.aws.ConfigClusterResolver      : Resolving eureka endpoints via configuration
2022-09-21 18:25:37.958  INFO 7128 --- [AsyncResolver-bootstrap-executor-0] c.n.d.s.r.aws.ConfigClusterResolver      : Resolving eureka endpoints via configuration
2022-09-21 18:30:37.959  INFO 7128 --- [AsyncResolver-bootstrap-executor-0] c.n.d.s.r.aws.ConfigClusterResolver      : Resolving eureka endpoints via configuration
2022-09-21 18:35:37.961  INFO 7128 --- [AsyncResolver-bootstrap-executor-0] c.n.d.s.r.aws.ConfigClusterResolver      : Resolving eureka endpoints via configuration
2022-09-21 18:40:37.963  INFO 7128 --- [AsyncResolver-bootstrap-executor-0] c.n.d.s.r.aws.ConfigClusterResolver      : Resolving eureka endpoints via configuration
2022-09-21 18:45:37.964  INFO 7128 --- [AsyncResolver-bootstrap-executor-0] c.n.d.s.r.aws.ConfigClusterResolver      : Resolving eureka endpoints via configuration
